<?xml version="1.0" encoding="UTF-8"?>
<!-- Generated by org.testng.reporters.JUnitReportReporter -->
<testsuite skipped="0" hostname="TL0020" name="testcase.LoginTest" tests="1" failures="0" timestamp="2024-01-02T12:42:11 IST" time="14.667" errors="0">
  <testcase name="runCreateLead" time="14.667" classname="testcase.LoginTest"/>
  <system-out/>
</testsuite> <!-- testcase.LoginTest -->
