<?xml version="1.0" encoding="UTF-8"?>
<!-- Generated by org.testng.reporters.JUnitReportReporter -->
<testsuite skipped="0" hostname="TL0020" name="testcase.CreateLeadTest" tests="1" failures="0" timestamp="2024-01-02T12:47:59 IST" time="21.406" errors="0">
  <testcase name="runCreateLead" time="21.406" classname="testcase.CreateLeadTest"/>
  <system-out/>
</testsuite> <!-- testcase.CreateLeadTest -->
